<?xml version="1.0" encoding="UTF-8"?>
<testsuite name="TransactionSystemTest" tests="1" skipped="0" failures="0" errors="0" timestamp="2024-04-23T16:05:55" hostname="ACER-NITRO-5" time="0.013">
  <properties/>
  <testcase name="testAddTransactionToAccountHistory()" classname="TransactionSystemTest" time="0.013"/>
  <system-out><![CDATA[]]></system-out>
  <system-err><![CDATA[]]></system-err>
</testsuite>
