<?xml version="1.0" encoding="UTF-8"?>
<testsuite name="ActiveAccountStrategyTest" tests="1" skipped="0" failures="0" errors="0" timestamp="2024-04-23T16:20:22" hostname="ACER-NITRO-5" time="0.016">
  <properties/>
  <testcase name="testAuthorizeWhenAccountIsNotActive()" classname="ActiveAccountStrategyTest" time="0.016"/>
  <system-out><![CDATA[]]></system-out>
  <system-err><![CDATA[]]></system-err>
</testsuite>
